<?xml version="1.0" encoding="utf-8"?><testsuites name="pytest tests"><testsuite name="pytest" errors="0" failures="0" skipped="0" tests="14" time="2.088" timestamp="2026-05-05T22:31:20.338337+00:00" hostname="agent-env-9d05ba4f-dc79-4f69-9cd3-948e3fb39319"><testcase classname="backend.tests.test_api.TestHealth" name="test_health" time="0.115" /><testcase classname="backend.tests.test_api.TestStats" name="test_stats_returns_expected_fields" time="0.124" /><testcase classname="backend.tests.test_api.TestBotControl" name="test_bot_status" time="0.129" /><testcase classname="backend.tests.test_api.TestBotControl" name="test_bot_stop" time="0.141" /><testcase classname="backend.tests.test_api.TestBotControl" name="test_bot_start" time="0.166" /><testcase classname="backend.tests.test_api.TestTenants" name="test_list_tenants_empty_or_array" time="0.107" /><testcase classname="backend.tests.test_api.TestTenants" name="test_create_tenant" time="0.164" /><testcase classname="backend.tests.test_api.TestTenants" name="test_get_tenant" time="0.117" /><testcase classname="backend.tests.test_api.TestTenants" name="test_update_tenant" time="0.153" /><testcase classname="backend.tests.test_api.TestTenants" name="test_disable_tenant" time="0.130" /><testcase classname="backend.tests.test_api.TestTenants" name="test_enable_tenant" time="0.136" /><testcase classname="backend.tests.test_api.TestTenants" name="test_delete_tenant" time="0.258" /><testcase classname="backend.tests.test_api.TestDrafts" name="test_get_drafts_returns_array" time="0.144" /><testcase classname="backend.tests.test_api.TestLogs" name="test_get_logs" time="0.132" /></testsuite></testsuites>